rows: 100 / page = 1 ... 
rows: 100 / page = 2 ... 
rows: 100 / page = 3 ... 
rows: 100 / page = 4 ... 
rows: 100 / page = 5 ... 
rows: 100 / page = 6 ... 
rows: 100 / page = 7 ... 
rows: 100 / page = 8 ... 
rows: 100 / page = 9 ... 
rows: 100 / page = 10 ... 
rows: 100 / page = 11 ... 
rows: 100 / page = 12 ... 
rows: 100 / page = 13 ... 
rows: 100 / page = 14 ... 
rows: 100 / page = 15 ... 
rows: 100 / page = 16 ... 
rows: 100 / page = 17 ... 
rows: 100 / page = 18 ... 
rows: 100 / page = 19 ... 
rows: 100 / page = 20 ... 
rows: 100 / page = 21 ... 
rows: 100 / page = 22 ... 
rows: 100 / page = 23 ... 
rows: 100 / page = 24 ... 
rows: 100 / page = 25 ... 
rows: 100 / page = 26 ... 
rows: 100 / page = 27 ... 
rows: 100 / page = 28 ... 
rows: 100 / page = 29 ... 
rows: 100 / page = 30 ... 
rows: 100 / page = 31 ... 
rows: 100 / page = 32 ... 
rows: 100 / page = 33 ... 
rows: 100 / page = 34 ... 
rows: 100 / page = 35 ... 
rows: 100 / page = 36 ... 
rows: 100 / page = 37 ... 
rows: 100 / page = 38 ... 
rows: 100 / page = 39 ... 
rows: 88 / page = 40 ... 
=================
time = 503.86629700661
insert = 64
update = 109
delete = 6
